0 info it worked if it ends with ok
1 verbose cli [ 'C:\\Program Files\\nodejs\\node.exe',
1 verbose cli   'C:\\Program Files\\nodejs\\node_modules\\npm\\bin\\npm-cli.js',
1 verbose cli   'run-script',
1 verbose cli   'start' ]
2 info using npm@3.6.0
3 info using node@v5.6.0
4 verbose run-script [ 'prestart', 'start', 'poststart' ]
5 info lifecycle myfirstapp@0.0.0~prestart: myfirstapp@0.0.0
6 silly lifecycle myfirstapp@0.0.0~prestart: no script for prestart, continuing
7 info lifecycle myfirstapp@0.0.0~start: myfirstapp@0.0.0
8 verbose lifecycle myfirstapp@0.0.0~start: unsafe-perm in lifecycle true
9 verbose lifecycle myfirstapp@0.0.0~start: PATH: C:\Program Files\nodejs\node_modules\npm\bin\node-gyp-bin;C:\Users\Raju\Desktop\myfirstapp\node_modules\.bin;C:\tools;C:\Program Files (x86)\Git\cmd;C:\Program Files (x86)\GtkSharp\2.12\bin;C:\Program Files (x86)\Skype\Phone;C:\Program Files\Java\jdk1.8.0_25\bin\;C:\Program Files (x86)\Skype\Phone\;C:\xampp\php;C:\ProgramData\ComposerSetup\bin;C:\Users\Raju\AppData\Roaming\Composer\vendor\bin;C:\mysql\bin;C:\Windows\System32;C:\Program Files\nodejs\;C:\tools;C:\Python27;C:\Program Files\Java\jdk1.8.0_25\bin;C:\Users\Raju\AppData\Roaming\Composer\vendor\bin;C:\mysql\bin;C:\Users\Raju\AppData\Local\.meteor\;C:\Windows\System32;C:\Users\Raju\AppData\Roaming\npm
10 verbose lifecycle myfirstapp@0.0.0~start: CWD: C:\Users\Raju\Desktop\myfirstapp
11 silly lifecycle myfirstapp@0.0.0~start: Args: [ '/d /s /c', 'node ./bin/www' ]
12 silly lifecycle myfirstapp@0.0.0~start: Returned: code: 1  signal: null
13 info lifecycle myfirstapp@0.0.0~start: Failed to exec start script
14 verbose stack Error: myfirstapp@0.0.0 start: `node ./bin/www`
14 verbose stack Exit status 1
14 verbose stack     at EventEmitter.<anonymous> (C:\Program Files\nodejs\node_modules\npm\lib\utils\lifecycle.js:232:16)
14 verbose stack     at emitTwo (events.js:100:13)
14 verbose stack     at EventEmitter.emit (events.js:185:7)
14 verbose stack     at ChildProcess.<anonymous> (C:\Program Files\nodejs\node_modules\npm\lib\utils\spawn.js:24:14)
14 verbose stack     at emitTwo (events.js:100:13)
14 verbose stack     at ChildProcess.emit (events.js:185:7)
14 verbose stack     at maybeClose (internal/child_process.js:827:16)
14 verbose stack     at Process.ChildProcess._handle.onexit (internal/child_process.js:211:5)
15 verbose pkgid myfirstapp@0.0.0
16 verbose cwd C:\Users\Raju\Desktop\myfirstapp
17 error Windows_NT 6.1.7601
18 error argv "C:\\Program Files\\nodejs\\node.exe" "C:\\Program Files\\nodejs\\node_modules\\npm\\bin\\npm-cli.js" "run-script" "start"
19 error node v5.6.0
20 error npm  v3.6.0
21 error code ELIFECYCLE
22 error myfirstapp@0.0.0 start: `node ./bin/www`
22 error Exit status 1
23 error Failed at the myfirstapp@0.0.0 start script 'node ./bin/www'.
23 error Make sure you have the latest version of node.js and npm installed.
23 error If you do, this is most likely a problem with the myfirstapp package,
23 error not with npm itself.
23 error Tell the author that this fails on your system:
23 error     node ./bin/www
23 error You can get information on how to open an issue for this project with:
23 error     npm bugs myfirstapp
23 error Or if that isn't available, you can get their info via:
23 error     npm owner ls myfirstapp
23 error There is likely additional logging output above.
24 verbose exit [ 1, true ]
